Arguments: 
  C:\Program Files\nodejs\node.exe C:\Users\QUEST MEDICAL\AppData\Roaming\npm\node_modules\yarn\bin\yarn.js start

PATH: 
  C:\WINDOWS\system32;C:\WINDOWS;C:\WINDOWS\System32\Wbem;C:\WINDOWS\System32\WindowsPowerShell\v1.0\;C:\WINDOWS\System32\OpenSSH\;C:\Program Files\Git\cmd;C:\Program Files\nodejs\;C:\Users\QUEST MEDICAL\AppData\Local\Microsoft\WindowsApps;;C:\Users\QUEST MEDICAL\AppData\Local\Programs\Microsoft VS Code\bin;C:\Users\QUEST MEDICAL\AppData\Roaming\npm

Yarn version: 
  1.22.19

Node version: 
  18.15.0

Platform: 
  win32 x64

Trace: 
  SyntaxError: C:\Users\QUEST MEDICAL\Desktop\backend\package.json: Unexpected string in JSON at position 181
      at JSON.parse (<anonymous>)
      at C:\Users\QUEST MEDICAL\AppData\Roaming\npm\node_modules\yarn\lib\cli.js:1629:59
      at Generator.next (<anonymous>)
      at step (C:\Users\QUEST MEDICAL\AppData\Roaming\npm\node_modules\yarn\lib\cli.js:310:30)
      at C:\Users\QUEST MEDICAL\AppData\Roaming\npm\node_modules\yarn\lib\cli.js:321:13

npm manifest: 
  {
    "name": "backend",
    "version": "1.0.0",
    "description": "backend practice",
    "main": "index.js",
    "scripts": {
      "test": "echo \"Error: no test specified\" && exit 1"
      "start": "node index.js"
      
    },
    "author": "",
    "license": "ISC",
    "dependencies": {
      "nodemon": "^3.0.1"
    }
  }

yarn manifest: 
  No manifest

Lockfile: 
  No lockfile
